============================================================
BUILDING DATASET
============================================================
[13:32:20] WARNING: not removing hydrogen atom without neighbors
[FP+Desc] 1223 compounds, 1696 features (1501 FP bits + 195 descriptors)
[13:32:20] WARNING: not removing hydrogen atom without neighbors
[ThermoML viscosity] 26949 rows, 1247 compounds
[ThermoML surface_tension] 9104 rows, 645 compounds
[GC viscosity] 6690 rows, 757 compounds
[13:32:20] Explicit valence for atom # 0 B, 4, is greater than permitted
[GC surface_tension] 6262 rows, 673 compounds
[NIST WebBook] viscosity: 0 rows, 0 compounds
[NIST WebBook] surface tension: 0 rows, 0 compounds

[Unified] Viscosity: 21390 rows, 1767 compounds
[Unified] Surface tension: 13347 rows, 1162 compounds
[13:32:21] WARNING: not removing hydrogen atom without neighbors
[HC tag] 159 visc hydrocarbons, 134 ST hydrocarbons (for eval reporting)
[Joined] Viscosity: 10908 rows, 856 compounds
[Joined] Surface tension: 8402 rows, 714 compounds
[Joined] Total unique compounds: 1062, with both properties: 508
[Split] train: 850 compounds (685 visc, 574 ST)
[Split] val: 106 compounds (85 visc, 77 ST)
[Split] test: 106 compounds (86 visc, 63 ST)

############################################################
# PHASE 1a: SINGLE-TASK DIRECT BASELINES
############################################################

============================================================
SINGLE TASK: viscosity
Device: cuda
============================================================
Train: 8959 rows, Val: 1019 rows
Parameters: 1,039,201
  Epoch   1/500 | train=0.6267 val=0.4621 | lr=6.00e-05 | best=0.4621 | 1s
  Epoch  20/500 | train=0.2150 val=0.2513 | lr=3.00e-04 | best=0.2513 | 14s
  Epoch  40/500 | train=0.1319 val=0.1554 | lr=2.97e-04 | best=0.1554 | 30s
  Epoch  60/500 | train=0.1110 val=0.1411 | lr=2.92e-04 | best=0.1411 | 45s
  Epoch  80/500 | train=0.1069 val=0.1433 | lr=2.85e-04 | best=0.1366 | 59s
  Epoch 100/500 | train=0.1032 val=0.1407 | lr=2.76e-04 | best=0.1315 | 74s
  Epoch 120/500 | train=0.0987 val=0.1413 | lr=2.64e-04 | best=0.1304 | 89s
  Epoch 140/500 | train=0.0959 val=0.1385 | lr=2.51e-04 | best=0.1293 | 103s
  Epoch 160/500 | train=0.0931 val=0.1368 | lr=2.36e-04 | best=0.1292 | 118s
  Epoch 180/500 | train=0.0933 val=0.1296 | lr=2.19e-04 | best=0.1292 | 133s
  Epoch 200/500 | train=0.0910 val=0.1377 | lr=2.02e-04 | best=0.1280 | 147s
  Epoch 220/500 | train=0.0881 val=0.1321 | lr=1.83e-04 | best=0.1279 | 161s
  Epoch 240/500 | train=0.0895 val=0.1324 | lr=1.64e-04 | best=0.1279 | 176s
  Epoch 260/500 | train=0.0891 val=0.1303 | lr=1.45e-04 | best=0.1279 | 191s
  Early stopping at epoch 260

  Test (viscosity, standardized space):
    mse: 1.4377
    rmse: 1.1990
    mae: 0.7505
    r2: 0.7747
    mape: 9.3753

  Test (viscosity, Pa.s):
    mse: 0.0001
    rmse: 0.0084
    mae: 0.0016
    r2: 0.4578
    mape: 934.8029

============================================================
SINGLE TASK: surface_tension
Device: cuda
============================================================
Train: 6893 rows, Val: 812 rows
Parameters: 1,039,201
  Epoch   1/500 | train=0.4154 val=0.1635 | lr=6.00e-05 | best=0.1635 | 1s
  Epoch  20/500 | train=0.0627 val=0.0168 | lr=3.00e-04 | best=0.0168 | 11s
  Epoch  40/500 | train=0.0398 val=0.0122 | lr=2.97e-04 | best=0.0115 | 22s
  Epoch  60/500 | train=0.0300 val=0.0096 | lr=2.92e-04 | best=0.0093 | 34s
  Epoch  80/500 | train=0.0162 val=0.0089 | lr=2.85e-04 | best=0.0086 | 46s
  Epoch 100/500 | train=0.0140 val=0.0082 | lr=2.76e-04 | best=0.0080 | 54s
  Epoch 120/500 | train=0.0122 val=0.0082 | lr=2.64e-04 | best=0.0080 | 63s
  Epoch 140/500 | train=0.0127 val=0.0081 | lr=2.51e-04 | best=0.0078 | 71s
  Epoch 160/500 | train=0.0103 val=0.0082 | lr=2.36e-04 | best=0.0078 | 81s
  Epoch 180/500 | train=0.0131 val=0.0081 | lr=2.19e-04 | best=0.0077 | 92s
  Epoch 200/500 | train=0.0100 val=0.0078 | lr=2.02e-04 | best=0.0076 | 103s
  Epoch 220/500 | train=0.0133 val=0.0080 | lr=1.83e-04 | best=0.0073 | 114s
  Epoch 240/500 | train=0.0113 val=0.0081 | lr=1.64e-04 | best=0.0073 | 126s
  Early stopping at epoch 258

  Test (surface_tension, standardized space):
    mse: 0.0000
    rmse: 0.0059
    mae: 0.0034
    r2: 0.7893
    mape: 843.4544

############################################################
# PHASE 1b: ARRHENIUS MODELS
############################################################

============================================================
ARRHENIUS: viscosity
Device: cuda
============================================================
Train: 185 compounds, Val: 20 compounds
Parameters: 1,043,394
  Epoch   1/500 | train=0.6291 val=0.4637 | lr=6.00e-05 | best=0.4637 | 0s
  Epoch  20/500 | train=0.3554 val=0.3289 | lr=3.00e-04 | best=0.3258 | 0s
  Epoch  40/500 | train=0.2350 val=0.2853 | lr=2.97e-04 | best=0.2833 | 1s
  Epoch  60/500 | train=0.1990 val=0.3018 | lr=2.92e-04 | best=0.2786 | 2s
  Epoch  80/500 | train=0.1538 val=0.3039 | lr=2.85e-04 | best=0.2786 | 2s
  Early stopping at epoch 95

  Test ([A,B] coefficients):
    mse: 193423.5312
    rmse: 439.7994
    mae: 227.3323
    r2: 0.8915
    mape: 21.9837

  Test (reconstructed viscosity, ALL compounds):
    mse: 0.0000
    rmse: 0.0047
    mae: 0.0020
    r2: 0.8769
    mape: 127.4892

  Test (reconstructed viscosity, HYDROCARBONS only, 7 compounds):
    mse: 0.0000
    rmse: 0.0016
    mae: 0.0004
    r2: 0.3428
    mape: 133.4227

============================================================
ARRHENIUS: surface_tension
Device: cuda
============================================================
Train: 538 compounds, Val: 70 compounds
Parameters: 1,043,394
  Epoch   1/500 | train=0.5131 val=0.2679 | lr=6.00e-05 | best=0.2679 | 0s
  Epoch  20/500 | train=0.2512 val=0.1291 | lr=3.00e-04 | best=0.1291 | 2s
  Epoch  40/500 | train=0.1653 val=0.1172 | lr=2.97e-04 | best=0.1172 | 3s
  Epoch  60/500 | train=0.1171 val=0.1143 | lr=2.92e-04 | best=0.1109 | 5s
  Epoch  80/500 | train=0.1089 val=0.1125 | lr=2.85e-04 | best=0.1105 | 5s
  Epoch 100/500 | train=0.0955 val=0.1101 | lr=2.76e-04 | best=0.1066 | 6s
  Epoch 120/500 | train=0.0931 val=0.1064 | lr=2.64e-04 | best=0.1043 | 8s
  Epoch 140/500 | train=0.1123 val=0.1094 | lr=2.51e-04 | best=0.1043 | 10s
  Epoch 160/500 | train=0.0719 val=0.1074 | lr=2.36e-04 | best=0.1043 | 11s
  Early stopping at epoch 162

  Test ([A,B] coefficients):
    mse: 0.0001
    rmse: 0.0096
    mae: 0.0036
    r2: 0.9066
    mape: 10.8400

  Test (reconstructed surface_tension, ALL compounds):
    mse: 0.0000
    rmse: 0.0065
    mae: 0.0043
    r2: 0.6759
    mape: 551.3031

  Test (reconstructed surface_tension, HYDROCARBONS only, 17 compounds):
    mse: 0.0000
    rmse: 0.0050
    mae: 0.0037
    r2: 0.7435
    mape: 1528.9057

############################################################
# PHASE 1c: ENSEMBLE (5 models)
############################################################

============================================================
ENSEMBLE (5 models): viscosity
============================================================

--- Ensemble member 1/5 (seed=42) ---

============================================================
ARRHENIUS: viscosity
Device: cuda
============================================================
Train: 185 compounds, Val: 20 compounds
Parameters: 1,043,394
  Epoch   1/500 | train=0.6291 val=0.4637 | lr=6.00e-05 | best=0.4637 | 0s
  Epoch  20/500 | train=0.3554 val=0.3289 | lr=3.00e-04 | best=0.3258 | 1s
  Epoch  40/500 | train=0.2350 val=0.2853 | lr=2.97e-04 | best=0.2833 | 1s
  Epoch  60/500 | train=0.1990 val=0.3018 | lr=2.92e-04 | best=0.2786 | 2s
  Epoch  80/500 | train=0.1538 val=0.3039 | lr=2.85e-04 | best=0.2786 | 2s
  Early stopping at epoch 95

  Test ([A,B] coefficients):
    mse: 193423.5312
    rmse: 439.7994
    mae: 227.3323
    r2: 0.8915
    mape: 21.9837

  Test (reconstructed viscosity, ALL compounds):
    mse: 0.0000
    rmse: 0.0047
    mae: 0.0020
    r2: 0.8769
    mape: 127.4892

  Test (reconstructed viscosity, HYDROCARBONS only, 7 compounds):
    mse: 0.0000
    rmse: 0.0016
    mae: 0.0004
    r2: 0.3428
    mape: 133.4227

--- Ensemble member 2/5 (seed=153) ---

============================================================
ARRHENIUS: viscosity
Device: cuda
============================================================
Train: 185 compounds, Val: 20 compounds
Parameters: 1,043,394
  Epoch   1/500 | train=0.7754 val=0.4711 | lr=6.00e-05 | best=0.4711 | 0s
  Epoch  20/500 | train=0.4406 val=0.3213 | lr=3.00e-04 | best=0.3213 | 0s
  Epoch  40/500 | train=0.3411 val=0.3040 | lr=2.97e-04 | best=0.2982 | 1s
  Epoch  60/500 | train=0.2299 val=0.3065 | lr=2.92e-04 | best=0.2982 | 2s
  Epoch  80/500 | train=0.1760 val=0.3015 | lr=2.85e-04 | best=0.2982 | 2s
  Early stopping at epoch 86

  Test ([A,B] coefficients):
    mse: 299665.3750
    rmse: 547.4170
    mae: 293.2385
    r2: 0.8320
    mape: 26.0273

  Test (reconstructed viscosity, ALL compounds):
    mse: 0.0000
    rmse: 0.0064
    mae: 0.0026
    r2: 0.7693
    mape: 217.1771

  Test (reconstructed viscosity, HYDROCARBONS only, 7 compounds):
    mse: 0.0000
    rmse: 0.0009
    mae: 0.0003
    r2: 0.7839
    mape: 54.1234

--- Ensemble member 3/5 (seed=264) ---

============================================================
ARRHENIUS: viscosity
Device: cuda
============================================================
Train: 185 compounds, Val: 20 compounds
Parameters: 1,043,394
  Epoch   1/500 | train=0.7147 val=0.4767 | lr=6.00e-05 | best=0.4767 | 0s
  Epoch  20/500 | train=0.4291 val=0.3188 | lr=3.00e-04 | best=0.2998 | 1s
  Epoch  40/500 | train=0.3386 val=0.2916 | lr=2.97e-04 | best=0.2785 | 1s
  Epoch  60/500 | train=0.2283 val=0.2991 | lr=2.92e-04 | best=0.2785 | 2s
  Epoch  80/500 | train=0.1735 val=0.3115 | lr=2.85e-04 | best=0.2785 | 2s
  Early stopping at epoch 87

  Test ([A,B] coefficients):
    mse: 446527.9375
    rmse: 668.2275
    mae: 385.5869
    r2: 0.7496
    mape: 36.0459

  Test (reconstructed viscosity, ALL compounds):
    mse: 0.0002
    rmse: 0.0128
    mae: 0.0042
    r2: 0.0913
    mape: 121.1797

  Test (reconstructed viscosity, HYDROCARBONS only, 7 compounds):
    mse: 0.0000
    rmse: 0.0021
    mae: 0.0006
    r2: -0.0842
    mape: 73.2426

--- Ensemble member 4/5 (seed=375) ---

============================================================
ARRHENIUS: viscosity
Device: cuda
============================================================
Train: 185 compounds, Val: 20 compounds
Parameters: 1,043,394
  Epoch   1/500 | train=0.7527 val=0.4281 | lr=6.00e-05 | best=0.4281 | 0s
  Epoch  20/500 | train=0.3750 val=0.3293 | lr=3.00e-04 | best=0.3203 | 1s
  Epoch  40/500 | train=0.2517 val=0.2870 | lr=2.97e-04 | best=0.2870 | 1s
  Epoch  60/500 | train=0.1912 val=0.2907 | lr=2.92e-04 | best=0.2810 | 2s
  Epoch  80/500 | train=0.1378 val=0.2939 | lr=2.85e-04 | best=0.2810 | 2s
  Early stopping at epoch 93

  Test ([A,B] coefficients):
    mse: 392083.8438
    rmse: 626.1660
    mae: 334.2707
    r2: 0.7801
    mape: 27.2541

  Test (reconstructed viscosity, ALL compounds):
    mse: 0.0012
    rmse: 0.0346
    mae: 0.0097
    r2: -5.6731
    mape: 133.1524

  Test (reconstructed viscosity, HYDROCARBONS only, 7 compounds):
    mse: 0.0000
    rmse: 0.0018
    mae: 0.0004
    r2: 0.1777
    mape: 54.6938

--- Ensemble member 5/5 (seed=486) ---

============================================================
ARRHENIUS: viscosity
Device: cuda
============================================================
Train: 185 compounds, Val: 20 compounds
Parameters: 1,043,394
  Epoch   1/500 | train=0.6549 val=0.4719 | lr=6.00e-05 | best=0.4719 | 0s
  Epoch  20/500 | train=0.3826 val=0.3091 | lr=3.00e-04 | best=0.3091 | 0s
  Epoch  40/500 | train=0.2556 val=0.2976 | lr=2.97e-04 | best=0.2976 | 1s
  Epoch  60/500 | train=0.2180 val=0.2887 | lr=2.92e-04 | best=0.2887 | 1s
  Epoch  80/500 | train=0.1567 val=0.2917 | lr=2.85e-04 | best=0.2860 | 2s
  Epoch 100/500 | train=0.1681 val=0.2938 | lr=2.76e-04 | best=0.2860 | 2s
  Early stopping at epoch 115

  Test ([A,B] coefficients):
    mse: 263051.4375
    rmse: 512.8854
    mae: 292.7676
    r2: 0.8525
    mape: 28.1616

  Test (reconstructed viscosity, ALL compounds):
    mse: 0.0001
    rmse: 0.0117
    mae: 0.0044
    r2: 0.2358
    mape: 293.6870

  Test (reconstructed viscosity, HYDROCARBONS only, 7 compounds):
    mse: 0.0000
    rmse: 0.0018
    mae: 0.0005
    r2: 0.2059
    mape: 59.1987

  ENSEMBLE Test ([A,B] coefficients):
    mse: 268903.3438
    rmse: 518.5589
    mae: 280.4422
    r2: 0.8492
    mape: 21.9012

  ENSEMBLE Test (reconstructed viscosity, ALL):
    mse: 0.0001
    rmse: 0.0071
    mae: 0.0027
    r2: 0.7159
    mape: 82.3083

  ENSEMBLE Test (reconstructed viscosity, HYDROCARBONS):
    mse: 0.0000
    rmse: 0.0019
    mae: 0.0005
    r2: 0.1465
    mape: 47.3129

============================================================
ENSEMBLE (5 models): surface_tension
============================================================

--- Ensemble member 1/5 (seed=42) ---

============================================================
ARRHENIUS: surface_tension
Device: cuda
============================================================
Train: 538 compounds, Val: 70 compounds
Parameters: 1,043,394
  Epoch   1/500 | train=0.5131 val=0.2679 | lr=6.00e-05 | best=0.2679 | 0s
  Epoch  20/500 | train=0.2512 val=0.1291 | lr=3.00e-04 | best=0.1291 | 2s
  Epoch  40/500 | train=0.1653 val=0.1172 | lr=2.97e-04 | best=0.1172 | 3s
  Epoch  60/500 | train=0.1171 val=0.1143 | lr=2.92e-04 | best=0.1109 | 5s
  Epoch  80/500 | train=0.1089 val=0.1125 | lr=2.85e-04 | best=0.1105 | 5s
  Epoch 100/500 | train=0.0955 val=0.1101 | lr=2.76e-04 | best=0.1066 | 6s
  Epoch 120/500 | train=0.0931 val=0.1064 | lr=2.64e-04 | best=0.1043 | 8s
  Epoch 140/500 | train=0.1123 val=0.1094 | lr=2.51e-04 | best=0.1043 | 10s
  Epoch 160/500 | train=0.0719 val=0.1074 | lr=2.36e-04 | best=0.1043 | 11s
  Early stopping at epoch 162

  Test ([A,B] coefficients):
    mse: 0.0001
    rmse: 0.0096
    mae: 0.0036
    r2: 0.9066
    mape: 10.8400

  Test (reconstructed surface_tension, ALL compounds):
    mse: 0.0000
    rmse: 0.0065
    mae: 0.0043
    r2: 0.6759
    mape: 551.3031

  Test (reconstructed surface_tension, HYDROCARBONS only, 17 compounds):
    mse: 0.0000
    rmse: 0.0050
    mae: 0.0037
    r2: 0.7435
    mape: 1528.9057

--- Ensemble member 2/5 (seed=153) ---

============================================================
ARRHENIUS: surface_tension
Device: cuda
============================================================
Train: 538 compounds, Val: 70 compounds
Parameters: 1,043,394
  Epoch   1/500 | train=0.6241 val=0.2096 | lr=6.00e-05 | best=0.2096 | 0s
  Epoch  20/500 | train=0.2905 val=0.1226 | lr=3.00e-04 | best=0.1226 | 1s
  Epoch  40/500 | train=0.1716 val=0.1083 | lr=2.97e-04 | best=0.1071 | 2s
  Epoch  60/500 | train=0.1339 val=0.1045 | lr=2.92e-04 | best=0.1031 | 3s
  Epoch  80/500 | train=0.1258 val=0.1049 | lr=2.85e-04 | best=0.1010 | 5s
  Epoch 100/500 | train=0.0998 val=0.1073 | lr=2.76e-04 | best=0.0999 | 7s
  Epoch 120/500 | train=0.0930 val=0.1059 | lr=2.64e-04 | best=0.0999 | 8s
  Early stopping at epoch 133

  Test ([A,B] coefficients):
    mse: 0.0001
    rmse: 0.0100
    mae: 0.0041
    r2: 0.8982
    mape: 11.6309

  Test (reconstructed surface_tension, ALL compounds):
    mse: 0.0001
    rmse: 0.0079
    mae: 0.0054
    r2: 0.5261
    mape: 304.9277

  Test (reconstructed surface_tension, HYDROCARBONS only, 17 compounds):
    mse: 0.0000
    rmse: 0.0066
    mae: 0.0044
    r2: 0.5518
    mape: 793.6964

--- Ensemble member 3/5 (seed=264) ---

============================================================
ARRHENIUS: surface_tension
Device: cuda
============================================================
Train: 538 compounds, Val: 70 compounds
Parameters: 1,043,394
  Epoch   1/500 | train=0.5738 val=0.2182 | lr=6.00e-05 | best=0.2182 | 0s
  Epoch  20/500 | train=0.2833 val=0.1175 | lr=3.00e-04 | best=0.1135 | 1s
  Epoch  40/500 | train=0.1925 val=0.1039 | lr=2.97e-04 | best=0.1026 | 2s
  Epoch  60/500 | train=0.1454 val=0.1060 | lr=2.92e-04 | best=0.1014 | 3s
  Epoch  80/500 | train=0.1411 val=0.1067 | lr=2.85e-04 | best=0.1014 | 5s
  Early stopping at epoch 92

  Test ([A,B] coefficients):
    mse: 0.0001
    rmse: 0.0116
    mae: 0.0047
    r2: 0.8617
    mape: 13.2193

  Test (reconstructed surface_tension, ALL compounds):
    mse: 0.0001
    rmse: 0.0106
    mae: 0.0066
    r2: 0.1382
    mape: 326.2476

  Test (reconstructed surface_tension, HYDROCARBONS only, 17 compounds):
    mse: 0.0001
    rmse: 0.0077
    mae: 0.0047
    r2: 0.4019
    mape: 861.3652

--- Ensemble member 4/5 (seed=375) ---

============================================================
ARRHENIUS: surface_tension
Device: cuda
============================================================
Train: 538 compounds, Val: 70 compounds
Parameters: 1,043,394
  Epoch   1/500 | train=0.6394 val=0.2510 | lr=6.00e-05 | best=0.2510 | 0s
  Epoch  20/500 | train=0.2256 val=0.1191 | lr=3.00e-04 | best=0.1150 | 2s
  Epoch  40/500 | train=0.1682 val=0.1035 | lr=2.97e-04 | best=0.1031 | 3s
  Epoch  60/500 | train=0.1149 val=0.1015 | lr=2.92e-04 | best=0.1004 | 4s
  Epoch  80/500 | train=0.0950 val=0.1031 | lr=2.85e-04 | best=0.1004 | 5s
  Epoch 100/500 | train=0.0876 val=0.1043 | lr=2.76e-04 | best=0.0986 | 6s
  Epoch 120/500 | train=0.0800 val=0.1067 | lr=2.64e-04 | best=0.0986 | 8s
  Early stopping at epoch 132

  Test ([A,B] coefficients):
    mse: 0.0001
    rmse: 0.0101
    mae: 0.0042
    r2: 0.8961
    mape: 11.4845

  Test (reconstructed surface_tension, ALL compounds):
    mse: 0.0001
    rmse: 0.0078
    mae: 0.0054
    r2: 0.5434
    mape: 255.4260

  Test (reconstructed surface_tension, HYDROCARBONS only, 17 compounds):
    mse: 0.0000
    rmse: 0.0063
    mae: 0.0045
    r2: 0.6000
    mape: 654.9201

--- Ensemble member 5/5 (seed=486) ---

============================================================
ARRHENIUS: surface_tension
Device: cuda
============================================================
Train: 538 compounds, Val: 70 compounds
Parameters: 1,043,394
  Epoch   1/500 | train=0.5334 val=0.2313 | lr=6.00e-05 | best=0.2313 | 0s
  Epoch  20/500 | train=0.2793 val=0.1258 | lr=3.00e-04 | best=0.1258 | 2s
  Epoch  40/500 | train=0.1700 val=0.1209 | lr=2.97e-04 | best=0.1174 | 2s
  Epoch  60/500 | train=0.1281 val=0.1085 | lr=2.92e-04 | best=0.1085 | 3s
  Epoch  80/500 | train=0.1136 val=0.1109 | lr=2.85e-04 | best=0.1078 | 5s
  Epoch 100/500 | train=0.0858 val=0.1124 | lr=2.76e-04 | best=0.1066 | 6s
  Epoch 120/500 | train=0.0835 val=0.1097 | lr=2.64e-04 | best=0.1055 | 8s
  Epoch 140/500 | train=0.0806 val=0.1136 | lr=2.51e-04 | best=0.1055 | 10s
  Epoch 160/500 | train=0.0763 val=0.1104 | lr=2.36e-04 | best=0.1055 | 11s
  Early stopping at epoch 166

  Test ([A,B] coefficients):
    mse: 0.0001
    rmse: 0.0097
    mae: 0.0039
    r2: 0.9028
    mape: 10.9819

  Test (reconstructed surface_tension, ALL compounds):
    mse: 0.0001
    rmse: 0.0074
    mae: 0.0050
    r2: 0.5862
    mape: 208.3140

  Test (reconstructed surface_tension, HYDROCARBONS only, 17 compounds):
    mse: 0.0000
    rmse: 0.0051
    mae: 0.0038
    r2: 0.7345
    mape: 528.5230

  ENSEMBLE Test ([A,B] coefficients):
    mse: 0.0001
    rmse: 0.0098
    mae: 0.0038
    r2: 0.9022
    mape: 10.8424

  ENSEMBLE Test (reconstructed surface_tension, ALL):
    mse: 0.0001
    rmse: 0.0073
    mae: 0.0048
    r2: 0.5961
    mape: 250.6271

  ENSEMBLE Test (reconstructed surface_tension, HYDROCARBONS):
    mse: 0.0000
    rmse: 0.0058
    mae: 0.0036
    r2: 0.6549
    mape: 651.8347

All results saved to /home/j-vaught/NMR_property_pred/src/phase1/outputs
